[0mGET /api [32m200[0m 188.795 ms - 14[0m
[0mGET /api [32m200[0m 1665.751 ms - 14[0m
[0mGET /apple-touch-icon.png [33m404[0m 4.397 ms - 14[0m
[0mGET /apple-touch-icon-precomposed.png [33m404[0m 1.060 ms - 14[0m
[0mGET /favicon.ico [33m404[0m 1.580 ms - 14[0m
[0mGET /api [33m401[0m 178.073 ms - -[0m
[0mGET /apple-touch-icon-precomposed.png [33m404[0m 0.674 ms - 14[0m
[0mGET /favicon.ico [33m404[0m 2.781 ms - 14[0m
[0mGET /apple-touch-icon.png [33m404[0m 0.554 ms - 14[0m
[0mGET /api [33m401[0m 468.573 ms - -[0m
[0mGET /apple-touch-icon-precomposed.png [33m404[0m 0.848 ms - 14[0m
[0mGET /favicon.ico [33m404[0m 1.322 ms - 14[0m
[0mGET /apple-touch-icon.png [33m404[0m 0.754 ms - 14[0m
[0mGET /api/account [33m404[0m 52.888 ms - 14[0m
[0mGET /apple-touch-icon-precomposed.png [33m404[0m 1.725 ms - 14[0m
[0mGET /favicon.ico [33m404[0m 1.226 ms - 14[0m
[0mGET /apple-touch-icon.png [33m404[0m 1.020 ms - 14[0m
[0mGET /api/accounts [33m401[0m 98.762 ms - -[0m
[0mGET /favicon.ico [33m404[0m 0.676 ms - 14[0m
[0mGET /apple-touch-icon.png [33m404[0m 2.681 ms - 14[0m
[0mGET /apple-touch-icon-precomposed.png [33m404[0m 0.711 ms - 14[0m
[0mGET /api/accounts [33m401[0m 59.152 ms - -[0m
[0mGET /api/accounts [32m200[0m 411.471 ms - 414[0m
[0mGET /favicon.ico [33m404[0m 1.429 ms - 14[0m
[0mGET /apple-touch-icon.png [33m404[0m 0.914 ms - 14[0m
[0mGET /apple-touch-icon-precomposed.png [33m404[0m 0.795 ms - 14[0m
[0mGET /api/transaction [33m404[0m 79.487 ms - 14[0m
