2023-02-25 17:09:53 info: =================================
2023-02-25 17:09:53 info: ======= ENV: development =======
2023-02-25 17:09:53 info: 🚀 App listening on the port 8080
2023-02-25 17:09:53 info: =================================
2023-02-25 17:12:59 info: =================================
2023-02-25 17:12:59 info: ======= ENV: development =======
2023-02-25 17:12:59 info: 🚀 App listening on the port 8080
2023-02-25 17:12:59 info: =================================
2023-02-25 17:13:14 info: =================================
2023-02-25 17:13:14 info: ======= ENV: development =======
2023-02-25 17:13:14 info: 🚀 App listening on the port 8080
2023-02-25 17:13:14 info: =================================
2023-02-25 17:14:35 info: =================================
2023-02-25 17:14:35 info: ======= ENV: development =======
2023-02-25 17:14:35 info: 🚀 App listening on the port 8080
2023-02-25 17:14:35 info: =================================
2023-02-25 17:14:43 info: =================================
2023-02-25 17:14:43 info: ======= ENV: development =======
2023-02-25 17:14:43 info: 🚀 App listening on the port 8080
2023-02-25 17:14:43 info: =================================
2023-02-25 17:16:40 info: =================================
2023-02-25 17:16:40 info: ======= ENV: development =======
2023-02-25 17:16:40 info: 🚀 App listening on the port 8080
2023-02-25 17:16:40 info: =================================
2023-02-25 17:17:12 info: =================================
2023-02-25 17:17:12 info: ======= ENV: development =======
2023-02-25 17:17:12 info: 🚀 App listening on the port 8080
2023-02-25 17:17:12 info: =================================
2023-02-25 17:17:18 info: =================================
2023-02-25 17:17:18 info: ======= ENV: development =======
2023-02-25 17:17:18 info: 🚀 App listening on the port 8080
2023-02-25 17:17:18 info: =================================
2023-02-25 17:17:28 info: =================================
2023-02-25 17:17:28 info: ======= ENV: development =======
2023-02-25 17:17:28 info: 🚀 App listening on the port 8080
2023-02-25 17:17:28 info: =================================
2023-02-25 17:17:56 info: =================================
2023-02-25 17:17:56 info: ======= ENV: development =======
2023-02-25 17:17:56 info: 🚀 App listening on the port 8080
2023-02-25 17:17:56 info: =================================
2023-02-25 17:18:10 info: =================================
2023-02-25 17:18:10 info: ======= ENV: development =======
2023-02-25 17:18:10 info: 🚀 App listening on the port 8080
2023-02-25 17:18:10 info: =================================
2023-02-25 17:18:22 info: =================================
2023-02-25 17:18:22 info: ======= ENV: development =======
2023-02-25 17:18:22 info: 🚀 App listening on the port 8080
2023-02-25 17:18:22 info: =================================
2023-02-25 17:18:37 info: =================================
2023-02-25 17:18:37 info: ======= ENV: development =======
2023-02-25 17:18:37 info: 🚀 App listening on the port 8080
2023-02-25 17:18:37 info: =================================
2023-02-25 17:20:36 info: =================================
2023-02-25 17:20:36 info: ======= ENV: development =======
2023-02-25 17:20:36 info: 🚀 App listening on the port 8080
2023-02-25 17:20:36 info: =================================
2023-02-25 17:20:50 info: =================================
2023-02-25 17:20:50 info: ======= ENV: development =======
2023-02-25 17:20:50 info: 🚀 App listening on the port 8080
2023-02-25 17:20:50 info: =================================
2023-02-25 17:21:46 info: =================================
2023-02-25 17:21:46 info: ======= ENV: development =======
2023-02-25 17:21:46 info: 🚀 App listening on the port 8080
2023-02-25 17:21:46 info: =================================
2023-02-25 17:22:39 info: =================================
2023-02-25 17:22:39 info: ======= ENV: development =======
2023-02-25 17:22:39 info: 🚀 App listening on the port 8080
2023-02-25 17:22:39 info: =================================
2023-02-25 17:23:47 info: =================================
2023-02-25 17:23:47 info: ======= ENV: development =======
2023-02-25 17:23:47 info: 🚀 App listening on the port 8080
2023-02-25 17:23:47 info: =================================
2023-02-25 17:23:58 info: =================================
2023-02-25 17:23:58 info: ======= ENV: development =======
2023-02-25 17:23:58 info: 🚀 App listening on the port 8080
2023-02-25 17:23:58 info: =================================
2023-02-25 17:24:55 info: =================================
2023-02-25 17:24:55 info: ======= ENV: development =======
2023-02-25 17:24:55 info: 🚀 App listening on the port 8080
2023-02-25 17:24:55 info: =================================
2023-02-25 17:25:11 info: =================================
2023-02-25 17:25:11 info: ======= ENV: development =======
2023-02-25 17:25:11 info: 🚀 App listening on the port 8080
2023-02-25 17:25:11 info: =================================
2023-02-25 17:25:46 info: =================================
2023-02-25 17:25:46 info: ======= ENV: development =======
2023-02-25 17:25:46 info: 🚀 App listening on the port 8080
2023-02-25 17:25:46 info: =================================
2023-02-25 17:29:47 info: =================================
2023-02-25 17:29:47 info: ======= ENV: development =======
2023-02-25 17:29:47 info: 🚀 App listening on the port 8080
2023-02-25 17:29:47 info: =================================
2023-02-25 17:31:08 info: =================================
2023-02-25 17:31:08 info: ======= ENV: development =======
2023-02-25 17:31:08 info: 🚀 App listening on the port 8080
2023-02-25 17:31:08 info: =================================
2023-02-25 17:31:23 info: =================================
2023-02-25 17:31:23 info: ======= ENV: development =======
2023-02-25 17:31:23 info: 🚀 App listening on the port 8080
2023-02-25 17:31:23 info: =================================
2023-02-25 17:31:39 info: =================================
2023-02-25 17:31:39 info: ======= ENV: development =======
2023-02-25 17:31:39 info: 🚀 App listening on the port 8080
2023-02-25 17:31:39 info: =================================
2023-02-25 17:31:56 info: =================================
2023-02-25 17:31:56 info: ======= ENV: development =======
2023-02-25 17:31:56 info: 🚀 App listening on the port 8080
2023-02-25 17:31:56 info: =================================
2023-02-25 17:32:11 info: =================================
2023-02-25 17:32:11 info: ======= ENV: development =======
2023-02-25 17:32:11 info: 🚀 App listening on the port 8080
2023-02-25 17:32:11 info: =================================
2023-02-25 17:33:07 info: =================================
2023-02-25 17:33:07 info: ======= ENV: development =======
2023-02-25 17:33:07 info: 🚀 App listening on the port 8080
2023-02-25 17:33:07 info: =================================
2023-02-25 17:33:23 info: =================================
2023-02-25 17:33:23 info: ======= ENV: development =======
2023-02-25 17:33:23 info: 🚀 App listening on the port 8080
2023-02-25 17:33:23 info: =================================
2023-02-25 17:33:30 info: =================================
2023-02-25 17:33:30 info: ======= ENV: development =======
2023-02-25 17:33:30 info: 🚀 App listening on the port 8080
2023-02-25 17:33:30 info: =================================
2023-02-25 17:33:43 info: =================================
2023-02-25 17:33:43 info: ======= ENV: development =======
2023-02-25 17:33:43 info: 🚀 App listening on the port 8080
2023-02-25 17:33:43 info: =================================
2023-02-25 17:38:23 info: =================================
2023-02-25 17:38:23 info: ======= ENV: development =======
2023-02-25 17:38:23 info: 🚀 App listening on the port 8080
2023-02-25 17:38:23 info: =================================
2023-02-25 17:38:32 info: =================================
2023-02-25 17:38:32 info: ======= ENV: development =======
2023-02-25 17:38:32 info: 🚀 App listening on the port 8080
2023-02-25 17:38:32 info: =================================
2023-02-25 17:38:39 info: =================================
2023-02-25 17:38:39 info: ======= ENV: development =======
2023-02-25 17:38:39 info: 🚀 App listening on the port 8080
2023-02-25 17:38:39 info: =================================
2023-02-25 17:38:51 info: =================================
2023-02-25 17:38:51 info: ======= ENV: development =======
2023-02-25 17:38:51 info: 🚀 App listening on the port 8080
2023-02-25 17:38:51 info: =================================
2023-02-25 17:39:55 info: =================================
2023-02-25 17:39:55 info: ======= ENV: development =======
2023-02-25 17:39:55 info: 🚀 App listening on the port 8080
2023-02-25 17:39:55 info: =================================
2023-02-25 17:40:48 info: =================================
2023-02-25 17:40:48 info: ======= ENV: development =======
2023-02-25 17:40:48 info: 🚀 App listening on the port 8080
2023-02-25 17:40:48 info: =================================
2023-02-25 17:42:24 info: =================================
2023-02-25 17:42:24 info: ======= ENV: development =======
2023-02-25 17:42:24 info: 🚀 App listening on the port 8080
2023-02-25 17:42:24 info: =================================
2023-02-25 17:44:43 info: =================================
2023-02-25 17:44:43 info: ======= ENV: development =======
2023-02-25 17:44:44 info: 🚀 App listening on the port 8080
2023-02-25 17:44:44 info: =================================
2023-02-25 17:46:18 info: =================================
2023-02-25 17:46:18 info: ======= ENV: development =======
2023-02-25 17:46:18 info: 🚀 App listening on the port 8080
2023-02-25 17:46:18 info: =================================
2023-02-25 17:46:27 info: =================================
2023-02-25 17:46:27 info: ======= ENV: development =======
2023-02-25 17:46:27 info: 🚀 App listening on the port 8080
2023-02-25 17:46:27 info: =================================
2023-02-25 17:46:42 info: =================================
2023-02-25 17:46:42 info: ======= ENV: development =======
2023-02-25 17:46:42 info: 🚀 App listening on the port 8080
2023-02-25 17:46:42 info: =================================
2023-02-25 17:46:53 info: =================================
2023-02-25 17:46:53 info: ======= ENV: development =======
2023-02-25 17:46:53 info: 🚀 App listening on the port 8080
2023-02-25 17:46:53 info: =================================
2023-02-25 17:47:21 info: =================================
2023-02-25 17:47:21 info: ======= ENV: development =======
2023-02-25 17:47:21 info: 🚀 App listening on the port 8080
2023-02-25 17:47:21 info: =================================
2023-02-25 17:47:33 info: =================================
2023-02-25 17:47:33 info: ======= ENV: development =======
2023-02-25 17:47:33 info: 🚀 App listening on the port 8080
2023-02-25 17:47:33 info: =================================
2023-02-25 17:47:43 info: =================================
2023-02-25 17:47:43 info: ======= ENV: development =======
2023-02-25 17:47:43 info: 🚀 App listening on the port 8080
2023-02-25 17:47:43 info: =================================
2023-02-25 17:48:18 info: =================================
2023-02-25 17:48:18 info: ======= ENV: development =======
2023-02-25 17:48:18 info: 🚀 App listening on the port 8080
2023-02-25 17:48:18 info: =================================
2023-02-25 17:59:40 error: [POST] /signup >> StatusCode:: 400, Message:: account_type must be a valid enum value,account_type should not be empty,account_type must be a string
2023-02-25 17:59:40 info: txt
2023-02-25 18:00:23 info: txt
2023-02-25 18:03:00 info: =================================
2023-02-25 18:03:00 info: ======= ENV: development =======
2023-02-25 18:03:00 info: 🚀 App listening on the port 8080
2023-02-25 18:03:00 info: =================================
2023-02-25 18:03:09 info: =================================
2023-02-25 18:03:09 info: ======= ENV: development =======
2023-02-25 18:03:09 info: 🚀 App listening on the port 8080
2023-02-25 18:03:09 info: =================================
2023-02-25 18:03:19 info: =================================
2023-02-25 18:03:19 info: ======= ENV: development =======
2023-02-25 18:03:19 info: 🚀 App listening on the port 8080
2023-02-25 18:03:19 info: =================================
2023-02-25 18:03:28 info: =================================
2023-02-25 18:03:28 info: ======= ENV: development =======
2023-02-25 18:03:28 info: 🚀 App listening on the port 8080
2023-02-25 18:03:28 info: =================================
2023-02-25 18:07:19 info: =================================
2023-02-25 18:07:19 info: ======= ENV: development =======
2023-02-25 18:07:19 info: 🚀 App listening on the port 8080
2023-02-25 18:07:19 info: =================================
2023-02-25 18:07:46 info: =================================
2023-02-25 18:07:46 info: ======= ENV: development =======
2023-02-25 18:07:46 info: 🚀 App listening on the port 8080
2023-02-25 18:07:46 info: =================================
2023-02-25 18:08:09 info: =================================
2023-02-25 18:08:09 info: ======= ENV: development =======
2023-02-25 18:08:09 info: 🚀 App listening on the port 8080
2023-02-25 18:08:09 info: =================================
2023-02-25 18:09:16 info: =================================
2023-02-25 18:09:16 info: ======= ENV: development =======
2023-02-25 18:09:16 info: 🚀 App listening on the port 8080
2023-02-25 18:09:16 info: =================================
2023-02-25 18:09:49 info: =================================
2023-02-25 18:09:49 info: ======= ENV: development =======
2023-02-25 18:09:49 info: 🚀 App listening on the port 8080
2023-02-25 18:09:49 info: =================================
2023-02-25 18:09:58 info: =================================
2023-02-25 18:09:58 info: ======= ENV: development =======
2023-02-25 18:09:58 info: 🚀 App listening on the port 8080
2023-02-25 18:09:58 info: =================================
2023-02-25 18:10:31 info: =================================
2023-02-25 18:10:31 info: ======= ENV: development =======
2023-02-25 18:10:31 info: 🚀 App listening on the port 8080
2023-02-25 18:10:31 info: =================================
2023-02-25 18:11:09 info: =================================
2023-02-25 18:11:09 info: ======= ENV: development =======
2023-02-25 18:11:09 info: 🚀 App listening on the port 8080
2023-02-25 18:11:09 info: =================================
2023-02-25 18:15:44 info: =================================
2023-02-25 18:15:44 info: ======= ENV: development =======
2023-02-25 18:15:44 info: 🚀 App listening on the port 8080
2023-02-25 18:15:44 info: =================================
2023-02-25 18:24:29 info: =================================
2023-02-25 18:24:29 info: ======= ENV: development =======
2023-02-25 18:24:29 info: 🚀 App listening on the port 8080
2023-02-25 18:24:29 info: =================================
2023-02-25 18:35:10 info: =================================
2023-02-25 18:35:10 info: ======= ENV: development =======
2023-02-25 18:35:10 info: 🚀 App listening on the port 8080
2023-02-25 18:35:10 info: =================================
2023-02-25 18:35:17 error: [POST] /signup >> StatusCode:: 409, Message:: This email ramesh@gmail.com already exists
2023-02-25 18:35:17 info: txt
2023-02-25 18:36:02 info: txt
2023-02-25 18:38:54 info: =================================
2023-02-25 18:38:54 info: ======= ENV: development =======
2023-02-25 18:38:54 info: 🚀 App listening on the port 8080
2023-02-25 18:38:54 info: =================================
2023-02-25 18:39:17 info: =================================
2023-02-25 18:39:17 info: ======= ENV: development =======
2023-02-25 18:39:17 info: 🚀 App listening on the port 8080
2023-02-25 18:39:17 info: =================================
2023-02-25 18:39:21 info: =================================
2023-02-25 18:39:21 info: ======= ENV: development =======
2023-02-25 18:39:21 info: 🚀 App listening on the port 8080
2023-02-25 18:39:21 info: =================================
2023-02-25 18:40:05 info: txt
2023-02-25 18:41:12 info: =================================
2023-02-25 18:41:12 info: ======= ENV: development =======
2023-02-25 18:41:12 info: 🚀 App listening on the port 8080
2023-02-25 18:41:12 info: =================================
2023-02-25 18:41:14 error: [POST] /signup >> StatusCode:: 500, Message:: Account validation failed: userId: Path `userId` is required.
2023-02-25 18:41:14 info: txt
2023-02-25 18:41:29 error: [POST] /signup >> StatusCode:: 409, Message:: This email xyz1@gmail.com already exists
2023-02-25 18:41:29 info: txt
2023-02-25 18:41:35 error: [POST] /signup >> StatusCode:: 500, Message:: Account validation failed: userId: Path `userId` is required.
2023-02-25 18:41:35 info: txt
2023-02-25 18:42:20 info: =================================
2023-02-25 18:42:20 info: ======= ENV: development =======
2023-02-25 18:42:20 info: 🚀 App listening on the port 8080
2023-02-25 18:42:20 info: =================================
2023-02-25 18:42:29 error: [POST] /signup >> StatusCode:: 409, Message:: This email xyz2@gmail.com already exists
2023-02-25 18:42:29 info: txt
2023-02-25 18:42:36 error: [POST] /signup >> StatusCode:: 500, Message:: Account validation failed: userId: Path `userId` is required.
2023-02-25 18:42:36 info: txt
2023-02-25 18:45:53 info: =================================
2023-02-25 18:45:53 info: ======= ENV: development =======
2023-02-25 18:45:53 info: 🚀 App listening on the port 8080
2023-02-25 18:45:53 info: =================================
2023-02-25 18:45:57 error: [POST] /signup >> StatusCode:: 409, Message:: This email xyz3@gmail.com already exists
2023-02-25 18:45:57 info: txt
2023-02-25 18:46:03 info: txt
2023-02-25 18:46:18 info: =================================
2023-02-25 18:46:18 info: ======= ENV: development =======
2023-02-25 18:46:18 info: 🚀 App listening on the port 8080
2023-02-25 18:46:18 info: =================================
2023-02-25 18:47:29 info: txt
2023-02-25 18:48:09 info: txt
2023-02-25 18:50:39 info: =================================
2023-02-25 18:50:39 info: ======= ENV: development =======
2023-02-25 18:50:39 info: 🚀 App listening on the port 8080
2023-02-25 18:50:39 info: =================================
2023-02-25 18:51:16 info: =================================
2023-02-25 18:51:16 info: ======= ENV: development =======
2023-02-25 18:51:16 info: 🚀 App listening on the port 8080
2023-02-25 18:51:16 info: =================================
2023-02-25 18:52:40 info: =================================
2023-02-25 18:52:40 info: ======= ENV: development =======
2023-02-25 18:52:40 info: 🚀 App listening on the port 8080
2023-02-25 18:52:40 info: =================================
2023-02-25 18:52:47 info: txt
