2023-02-28 10:46:37 info: =================================
2023-02-28 10:46:37 info: ======= ENV: development =======
2023-02-28 10:46:37 info: 🚀 App listening on the port 8080
2023-02-28 10:46:37 info: =================================
2023-02-28 10:46:46 info: =================================
2023-02-28 10:46:46 info: ======= ENV: development =======
2023-02-28 10:46:46 info: 🚀 App listening on the port 8080
2023-02-28 10:46:46 info: =================================
2023-02-28 10:47:05 info: =================================
2023-02-28 10:47:05 info: ======= ENV: development =======
2023-02-28 10:47:05 info: 🚀 App listening on the port 8080
2023-02-28 10:47:05 info: =================================
2023-02-28 10:49:04 info: =================================
2023-02-28 10:49:04 info: ======= ENV: development =======
2023-02-28 10:49:04 info: 🚀 App listening on the port 8080
2023-02-28 10:49:04 info: =================================
2023-02-28 10:49:32 info: =================================
2023-02-28 10:49:32 info: ======= ENV: development =======
2023-02-28 10:49:32 info: 🚀 App listening on the port 8080
2023-02-28 10:49:32 info: =================================
2023-02-28 10:49:42 info: =================================
2023-02-28 10:49:42 info: ======= ENV: development =======
2023-02-28 10:49:42 info: 🚀 App listening on the port 8080
2023-02-28 10:49:42 info: =================================
2023-02-28 10:51:20 info: =================================
2023-02-28 10:51:20 info: ======= ENV: development =======
2023-02-28 10:51:20 info: 🚀 App listening on the port 8080
2023-02-28 10:51:20 info: =================================
2023-02-28 10:52:39 info: =================================
2023-02-28 10:52:39 info: ======= ENV: development =======
2023-02-28 10:52:39 info: 🚀 App listening on the port 8080
2023-02-28 10:52:39 info: =================================
2023-02-28 10:52:46 info: =================================
2023-02-28 10:52:46 info: ======= ENV: development =======
2023-02-28 10:52:46 info: 🚀 App listening on the port 8080
2023-02-28 10:52:46 info: =================================
2023-02-28 10:53:19 info: =================================
2023-02-28 10:53:19 info: ======= ENV: development =======
2023-02-28 10:53:19 info: 🚀 App listening on the port 8080
2023-02-28 10:53:19 info: =================================
2023-02-28 10:53:30 info: =================================
2023-02-28 10:53:30 info: ======= ENV: development =======
2023-02-28 10:53:30 info: 🚀 App listening on the port 8080
2023-02-28 10:53:30 info: =================================
2023-02-28 10:54:19 info: =================================
2023-02-28 10:54:19 info: ======= ENV: development =======
2023-02-28 10:54:19 info: 🚀 App listening on the port 8080
2023-02-28 10:54:19 info: =================================
2023-02-28 10:55:24 info: =================================
2023-02-28 10:55:24 info: ======= ENV: development =======
2023-02-28 10:55:24 info: 🚀 App listening on the port 8080
2023-02-28 10:55:24 info: =================================
2023-02-28 10:55:51 info: =================================
2023-02-28 10:55:51 info: ======= ENV: development =======
2023-02-28 10:55:51 info: 🚀 App listening on the port 8080
2023-02-28 10:55:51 info: =================================
2023-02-28 11:20:10 info: =================================
2023-02-28 11:20:10 info: ======= ENV: development =======
2023-02-28 11:20:10 info: 🚀 App listening on the port 8080
2023-02-28 11:20:10 info: =================================
2023-02-28 11:20:34 info: =================================
2023-02-28 11:20:34 info: ======= ENV: development =======
2023-02-28 11:20:34 info: 🚀 App listening on the port 8080
2023-02-28 11:20:34 info: =================================
2023-02-28 11:22:12 info: =================================
2023-02-28 11:22:12 info: ======= ENV: development =======
2023-02-28 11:22:12 info: 🚀 App listening on the port 8080
2023-02-28 11:22:12 info: =================================
2023-02-28 11:25:51 info: =================================
2023-02-28 11:25:51 info: ======= ENV: development =======
2023-02-28 11:25:51 info: 🚀 App listening on the port 8080
2023-02-28 11:25:51 info: =================================
2023-02-28 11:26:57 info: =================================
2023-02-28 11:26:57 info: ======= ENV: development =======
2023-02-28 11:26:57 info: 🚀 App listening on the port 8080
2023-02-28 11:26:57 info: =================================
2023-02-28 11:34:05 info: =================================
2023-02-28 11:34:05 info: ======= ENV: development =======
2023-02-28 11:34:05 info: 🚀 App listening on the port 8080
2023-02-28 11:34:05 info: =================================
2023-02-28 11:38:02 info: =================================
2023-02-28 11:38:02 info: ======= ENV: development =======
2023-02-28 11:38:02 info: 🚀 App listening on the port 8080
2023-02-28 11:38:02 info: =================================
2023-02-28 11:42:01 info: =================================
2023-02-28 11:42:01 info: ======= ENV: development =======
2023-02-28 11:42:01 info: 🚀 App listening on the port 8080
2023-02-28 11:42:01 info: =================================
2023-02-28 11:42:45 info: =================================
2023-02-28 11:42:45 info: ======= ENV: development =======
2023-02-28 11:42:45 info: 🚀 App listening on the port 8080
2023-02-28 11:42:45 info: =================================
2023-02-28 11:49:07 error: [POST] /transactions >> StatusCode:: 404, Message:: Authentication token missing
2023-02-28 11:49:07 info: txt
2023-02-28 11:49:27 info: txt
2023-02-28 11:51:07 error: [POST] /transactions >> StatusCode:: 404, Message:: Authentication token missing
2023-02-28 11:51:07 info: txt
2023-02-28 11:52:04 error: [POST] /transactions >> StatusCode:: 500, Message:: Insufficient Balance!
2023-02-28 11:52:04 info: txt
2023-02-28 11:54:01 info: =================================
2023-02-28 11:54:01 info: ======= ENV: development =======
2023-02-28 11:54:01 info: 🚀 App listening on the port 8080
2023-02-28 11:54:01 info: =================================
2023-02-28 11:54:17 error: [POST] /transactions >> StatusCode:: 500, Message:: Insufficient Balance!
2023-02-28 11:54:17 info: txt
2023-02-28 11:55:59 info: =================================
2023-02-28 11:55:59 info: ======= ENV: development =======
2023-02-28 11:55:59 info: 🚀 App listening on the port 8080
2023-02-28 11:55:59 info: =================================
2023-02-28 11:56:02 error: [POST] /transactions >> StatusCode:: 401, Message:: Insufficient Balance
2023-02-28 11:56:02 info: txt
2023-02-28 11:56:45 info: =================================
2023-02-28 11:56:45 info: ======= ENV: development =======
2023-02-28 11:56:45 info: 🚀 App listening on the port 8080
2023-02-28 11:56:45 info: =================================
2023-02-28 11:57:04 error: [POST] /transactions >> StatusCode:: 500, Message:: Invalid request
2023-02-28 11:57:04 info: txt
2023-02-28 11:57:16 error: [POST] /transactions >> StatusCode:: 500, Message:: Invalid request! Cannot transfer to the same user
2023-02-28 11:57:16 info: txt
2023-02-28 12:04:01 info: =================================
2023-02-28 12:04:01 info: ======= ENV: development =======
2023-02-28 12:04:01 info: 🚀 App listening on the port 8080
2023-02-28 12:04:01 info: =================================
2023-02-28 12:06:01 info: =================================
2023-02-28 12:06:01 info: ======= ENV: development =======
2023-02-28 12:06:01 info: 🚀 App listening on the port 8080
2023-02-28 12:06:01 info: =================================
2023-02-28 12:09:49 info: =================================
2023-02-28 12:09:49 info: ======= ENV: development =======
2023-02-28 12:09:49 info: 🚀 App listening on the port 8080
2023-02-28 12:09:49 info: =================================
2023-02-28 12:10:16 error: [POST] /transactions >> StatusCode:: 500, Message:: Invalid request
2023-02-28 12:10:16 info: txt
2023-02-28 12:11:59 info: =================================
2023-02-28 12:11:59 info: ======= ENV: development =======
2023-02-28 12:11:59 info: 🚀 App listening on the port 8080
2023-02-28 12:11:59 info: =================================
2023-02-28 12:12:11 info: =================================
2023-02-28 12:12:11 info: ======= ENV: development =======
2023-02-28 12:12:11 info: 🚀 App listening on the port 8080
2023-02-28 12:12:11 info: =================================
2023-02-28 12:12:14 error: [POST] /transactions >> StatusCode:: 500, Message:: Benificiary account should not have
2023-02-28 12:12:14 info: txt
2023-02-28 12:12:33 error: [POST] /transactions >> StatusCode:: 500, Message:: Account does not exist
2023-02-28 12:12:33 info: txt
2023-02-28 12:12:38 error: [POST] /transactions >> StatusCode:: 500, Message:: Benificiary account should not have
2023-02-28 12:12:38 info: txt
2023-02-28 12:14:45 info: =================================
2023-02-28 12:14:45 info: ======= ENV: development =======
2023-02-28 12:14:45 info: 🚀 App listening on the port 8080
2023-02-28 12:14:45 info: =================================
2023-02-28 12:18:26 info: =================================
2023-02-28 12:18:26 info: ======= ENV: development =======
2023-02-28 12:18:26 info: 🚀 App listening on the port 8080
2023-02-28 12:18:26 info: =================================
2023-02-28 12:21:16 info: =================================
2023-02-28 12:21:16 info: ======= ENV: development =======
2023-02-28 12:21:16 info: 🚀 App listening on the port 8080
2023-02-28 12:21:16 info: =================================
2023-02-28 12:21:32 info: txt
2023-02-28 12:22:16 info: =================================
2023-02-28 12:22:16 info: ======= ENV: development =======
2023-02-28 12:22:16 info: 🚀 App listening on the port 8080
2023-02-28 12:22:16 info: =================================
2023-02-28 12:58:41 info: =================================
2023-02-28 12:58:41 info: ======= ENV: development =======
2023-02-28 12:58:41 info: 🚀 App listening on the port 8080
2023-02-28 12:58:41 info: =================================
2023-02-28 12:59:13 info: =================================
2023-02-28 12:59:13 info: ======= ENV: development =======
2023-02-28 12:59:13 info: 🚀 App listening on the port 8080
2023-02-28 12:59:13 info: =================================
2023-02-28 13:03:26 info: txt
2023-02-28 13:04:46 info: =================================
2023-02-28 13:04:46 info: ======= ENV: development =======
2023-02-28 13:04:46 info: 🚀 App listening on the port 8080
2023-02-28 13:04:46 info: =================================
2023-02-28 13:04:51 error: [POST] /signup >> StatusCode:: 409, Message:: This email ramesh@gmail.com already exists
2023-02-28 13:04:51 info: txt
2023-02-28 13:04:56 info: txt
2023-02-28 13:05:57 info: =================================
2023-02-28 13:05:57 info: ======= ENV: development =======
2023-02-28 13:05:57 info: 🚀 App listening on the port 8080
2023-02-28 13:05:57 info: =================================
2023-02-28 13:06:46 error: [POST] /signup >> StatusCode:: 409, Message:: This email ramesh1@gmail.com already exists
2023-02-28 13:06:46 info: txt
2023-02-28 13:06:51 info: txt
2023-02-28 13:08:15 info: =================================
2023-02-28 13:08:15 info: ======= ENV: development =======
2023-02-28 13:08:15 info: 🚀 App listening on the port 8080
2023-02-28 13:08:15 info: =================================
2023-02-28 13:11:26 info: txt
2023-02-28 13:11:44 info: txt
2023-02-28 13:12:00 info: txt
2023-02-28 13:12:38 info: txt
2023-02-28 13:14:33 info: txt
2023-02-28 13:21:00 info: =================================
2023-02-28 13:21:00 info: ======= ENV: development =======
2023-02-28 13:21:00 info: 🚀 App listening on the port 8080
2023-02-28 13:21:00 info: =================================
2023-02-28 13:27:16 info: =================================
2023-02-28 13:27:16 info: ======= ENV: development =======
2023-02-28 13:27:16 info: 🚀 App listening on the port 8080
2023-02-28 13:27:16 info: =================================
2023-02-28 13:45:03 error: [POST] /transactions >> StatusCode:: 500, Message:: Insufficient Balance
2023-02-28 13:45:03 info: txt
2023-02-28 13:45:12 error: [POST] /transactions >> StatusCode:: 500, Message:: Problem with your benificiary account type
2023-02-28 13:45:12 info: txt
2023-02-28 13:45:31 info: =================================
2023-02-28 13:45:31 info: ======= ENV: development =======
2023-02-28 13:45:31 info: 🚀 App listening on the port 8080
2023-02-28 13:45:31 info: =================================
2023-02-28 13:48:07 info: txt
2023-02-28 14:32:06 info: =================================
2023-02-28 14:32:06 info: ======= ENV: development =======
2023-02-28 14:32:06 info: 🚀 App listening on the port 8080
2023-02-28 14:32:06 info: =================================
2023-02-28 16:37:53 error: [POST] /transactions >> StatusCode:: 401, Message:: Wrong authentication token
2023-02-28 16:37:53 info: txt
2023-02-28 16:38:01 info: txt
2023-02-28 16:38:48 info: txt
2023-02-28 16:39:21 info: =================================
2023-02-28 16:39:21 info: ======= ENV: development =======
2023-02-28 16:39:21 info: 🚀 App listening on the port 8080
2023-02-28 16:39:21 info: =================================
2023-02-28 16:39:58 error: [POST] /transactions >> StatusCode:: 409, Message:: Account doesn't exist
2023-02-28 16:39:58 info: txt
2023-02-28 16:40:27 error: [POST] /transactions >> StatusCode:: 409, Message:: Account doesn't exist
2023-02-28 16:40:27 info: txt
2023-02-28 16:40:42 info: txt
